Analysis & Synthesis report for rfid
Thu Nov 14 06:35:51 2024
Quartus Prime Version 18.1.0 Build 625 09/12/2018 SJ Lite Edition


---------------------
; Table of Contents ;
---------------------
  1. Legal Notice
  2. Analysis & Synthesis Summary
  3. Analysis & Synthesis Settings
  4. Parallel Compilation
  5. Analysis & Synthesis Source Files Read
  6. Analysis & Synthesis Resource Usage Summary
  7. Analysis & Synthesis Resource Utilization by Entity
  8. General Register Statistics
  9. Parameter Settings for User Entity Instance: Top-level Entity: |rfid
 10. Post-Synthesis Netlist Statistics for Top Partition
 11. Elapsed Time Per Partition
 12. Analysis & Synthesis Messages
 13. Analysis & Synthesis Suppressed Messages



----------------
; Legal Notice ;
----------------
Copyright (C) 2018  Intel Corporation. All rights reserved.
Your use of Intel Corporation's design tools, logic functions 
and other software and tools, and its AMPP partner logic 
functions, and any output files from any of the foregoing 
(including device programming or simulation files), and any 
associated documentation or information are expressly subject 
to the terms and conditions of the Intel Program License 
Subscription Agreement, the Intel Quartus Prime License Agreement,
the Intel FPGA IP License Agreement, or other applicable license
agreement, including, without limitation, that your use is for
the sole purpose of programming logic devices manufactured by
Intel and sold by Intel or its authorized distributors.  Please
refer to the applicable agreement for further details.



+-------------------------------------------------------------------------------+
; Analysis & Synthesis Summary                                                  ;
+---------------------------------+---------------------------------------------+
; Analysis & Synthesis Status     ; Successful - Thu Nov 14 06:35:51 2024       ;
; Quartus Prime Version           ; 18.1.0 Build 625 09/12/2018 SJ Lite Edition ;
; Revision Name                   ; rfid                                        ;
; Top-level Entity Name           ; rfid                                        ;
; Family                          ; Cyclone V                                   ;
; Logic utilization (in ALMs)     ; N/A                                         ;
; Total registers                 ; 0                                           ;
; Total pins                      ; 8                                           ;
; Total virtual pins              ; 0                                           ;
; Total block memory bits         ; 0                                           ;
; Total DSP Blocks                ; 0                                           ;
; Total HSSI RX PCSs              ; 0                                           ;
; Total HSSI PMA RX Deserializers ; 0                                           ;
; Total HSSI TX PCSs              ; 0                                           ;
; Total HSSI PMA TX Serializers   ; 0                                           ;
; Total PLLs                      ; 0                                           ;
; Total DLLs                      ; 0                                           ;
+---------------------------------+---------------------------------------------+


+---------------------------------------------------------------------------------------------------------------------------+
; Analysis & Synthesis Settings                                                                                             ;
+---------------------------------------------------------------------------------+--------------------+--------------------+
; Option                                                                          ; Setting            ; Default Value      ;
+---------------------------------------------------------------------------------+--------------------+--------------------+
; Device                                                                          ; 5CSEMA5F31C6       ;                    ;
; Top-level entity name                                                           ; rfid               ; rfid               ;
; Family name                                                                     ; Cyclone V          ; Cyclone V          ;
; Use smart compilation                                                           ; Off                ; Off                ;
; Enable parallel Assembler and Timing Analyzer during compilation                ; On                 ; On                 ;
; Enable compact report table                                                     ; Off                ; Off                ;
; Restructure Multiplexers                                                        ; Auto               ; Auto               ;
; MLAB Add Timing Constraints For Mixed-Port Feed-Through Mode Setting Don't Care ; Off                ; Off                ;
; Create Debugging Nodes for IP Cores                                             ; Off                ; Off                ;
; Preserve fewer node names                                                       ; On                 ; On                 ;
; Intel FPGA IP Evaluation Mode                                                   ; Enable             ; Enable             ;
; Verilog Version                                                                 ; Verilog_2001       ; Verilog_2001       ;
; VHDL Version                                                                    ; VHDL_1993          ; VHDL_1993          ;
; State Machine Processing                                                        ; Auto               ; Auto               ;
; Safe State Machine                                                              ; Off                ; Off                ;
; Extract Verilog State Machines                                                  ; On                 ; On                 ;
; Extract VHDL State Machines                                                     ; On                 ; On                 ;
; Ignore Verilog initial constructs                                               ; Off                ; Off                ;
; Iteration limit for constant Verilog loops                                      ; 5000               ; 5000               ;
; Iteration limit for non-constant Verilog loops                                  ; 250                ; 250                ;
; Add Pass-Through Logic to Inferred RAMs                                         ; On                 ; On                 ;
; Infer RAMs from Raw Logic                                                       ; On                 ; On                 ;
; Parallel Synthesis                                                              ; On                 ; On                 ;
; DSP Block Balancing                                                             ; Auto               ; Auto               ;
; NOT Gate Push-Back                                                              ; On                 ; On                 ;
; Power-Up Don't Care                                                             ; On                 ; On                 ;
; Remove Redundant Logic Cells                                                    ; Off                ; Off                ;
; Remove Duplicate Registers                                                      ; On                 ; On                 ;
; Ignore CARRY Buffers                                                            ; Off                ; Off                ;
; Ignore CASCADE Buffers                                                          ; Off                ; Off                ;
; Ignore GLOBAL Buffers                                                           ; Off                ; Off                ;
; Ignore ROW GLOBAL Buffers                                                       ; Off                ; Off                ;
; Ignore LCELL Buffers                                                            ; Off                ; Off                ;
; Ignore SOFT Buffers                                                             ; On                 ; On                 ;
; Limit AHDL Integers to 32 Bits                                                  ; Off                ; Off                ;
; Optimization Technique                                                          ; Balanced           ; Balanced           ;
; Carry Chain Length                                                              ; 70                 ; 70                 ;
; Auto Carry Chains                                                               ; On                 ; On                 ;
; Auto Open-Drain Pins                                                            ; On                 ; On                 ;
; Perform WYSIWYG Primitive Resynthesis                                           ; Off                ; Off                ;
; Auto ROM Replacement                                                            ; On                 ; On                 ;
; Auto RAM Replacement                                                            ; On                 ; On                 ;
; Auto DSP Block Replacement                                                      ; On                 ; On                 ;
; Auto Shift Register Replacement                                                 ; Auto               ; Auto               ;
; Allow Shift Register Merging across Hierarchies                                 ; Auto               ; Auto               ;
; Auto Clock Enable Replacement                                                   ; On                 ; On                 ;
; Strict RAM Replacement                                                          ; Off                ; Off                ;
; Allow Synchronous Control Signals                                               ; On                 ; On                 ;
; Force Use of Synchronous Clear Signals                                          ; Off                ; Off                ;
; Auto Resource Sharing                                                           ; Off                ; Off                ;
; Allow Any RAM Size For Recognition                                              ; Off                ; Off                ;
; Allow Any ROM Size For Recognition                                              ; Off                ; Off                ;
; Allow Any Shift Register Size For Recognition                                   ; Off                ; Off                ;
; Use LogicLock Constraints during Resource Balancing                             ; On                 ; On                 ;
; Ignore translate_off and synthesis_off directives                               ; Off                ; Off                ;
; Timing-Driven Synthesis                                                         ; On                 ; On                 ;
; Report Parameter Settings                                                       ; On                 ; On                 ;
; Report Source Assignments                                                       ; On                 ; On                 ;
; Report Connectivity Checks                                                      ; On                 ; On                 ;
; Ignore Maximum Fan-Out Assignments                                              ; Off                ; Off                ;
; Synchronization Register Chain Length                                           ; 3                  ; 3                  ;
; Power Optimization During Synthesis                                             ; Normal compilation ; Normal compilation ;
; HDL message level                                                               ; Level2             ; Level2             ;
; Suppress Register Optimization Related Messages                                 ; Off                ; Off                ;
; Number of Removed Registers Reported in Synthesis Report                        ; 5000               ; 5000               ;
; Number of Swept Nodes Reported in Synthesis Report                              ; 5000               ; 5000               ;
; Number of Inverted Registers Reported in Synthesis Report                       ; 100                ; 100                ;
; Clock MUX Protection                                                            ; On                 ; On                 ;
; Auto Gated Clock Conversion                                                     ; Off                ; Off                ;
; Block Design Naming                                                             ; Auto               ; Auto               ;
; SDC constraint protection                                                       ; Off                ; Off                ;
; Synthesis Effort                                                                ; Auto               ; Auto               ;
; Shift Register Replacement - Allow Asynchronous Clear Signal                    ; On                 ; On                 ;
; Pre-Mapping Resynthesis Optimization                                            ; Off                ; Off                ;
; Analysis & Synthesis Message Level                                              ; Medium             ; Medium             ;
; Disable Register Merging Across Hierarchies                                     ; Auto               ; Auto               ;
; Resource Aware Inference For Block RAM                                          ; On                 ; On                 ;
; Automatic Parallel Synthesis                                                    ; On                 ; On                 ;
; Partial Reconfiguration Bitstream ID                                            ; Off                ; Off                ;
+---------------------------------------------------------------------------------+--------------------+--------------------+


+------------------------------------------+
; Parallel Compilation                     ;
+----------------------------+-------------+
; Processors                 ; Number      ;
+----------------------------+-------------+
; Number detected on machine ; 8           ;
; Maximum allowed            ; 4           ;
;                            ;             ;
; Average used               ; 1.00        ;
; Maximum used               ; 1           ;
;                            ;             ;
; Usage by Processor         ; % Time Used ;
;     Processor 1            ; 100.0%      ;
+----------------------------+-------------+


+-------------------------------------------------------------------------------------------------------------------------------------------+
; Analysis & Synthesis Source Files Read                                                                                                    ;
+----------------------------------+-----------------+------------------------+---------------------------------------------------+---------+
; File Name with User-Entered Path ; Used in Netlist ; File Type              ; File Name with Absolute Path                      ; Library ;
+----------------------------------+-----------------+------------------------+---------------------------------------------------+---------+
; rfid.v                           ; yes             ; User Verilog HDL File  ; C:/Github/FPGAEntryBurglarAlarmSystem/RFID/rfid.v ;         ;
+----------------------------------+-----------------+------------------------+---------------------------------------------------+---------+


+------------------------------------------------------------+
; Analysis & Synthesis Resource Usage Summary                ;
+---------------------------------------------+--------------+
; Resource                                    ; Usage        ;
+---------------------------------------------+--------------+
; Estimate of Logic utilization (ALMs needed) ; 0            ;
;                                             ;              ;
; Combinational ALUT usage for logic          ; 0            ;
;     -- 7 input functions                    ; 0            ;
;     -- 6 input functions                    ; 0            ;
;     -- 5 input functions                    ; 0            ;
;     -- 4 input functions                    ; 0            ;
;     -- <=3 input functions                  ; 0            ;
;                                             ;              ;
; Dedicated logic registers                   ; 0            ;
;                                             ;              ;
; I/O pins                                    ; 8            ;
;                                             ;              ;
; Total DSP Blocks                            ; 0            ;
;                                             ;              ;
; Maximum fan-out node                        ; reset_system ;
; Maximum fan-out                             ; 1            ;
; Total fan-out                               ; 8            ;
; Average fan-out                             ; 0.50         ;
+---------------------------------------------+--------------+


+----------------------------------------------------------------------------------------------------------------------------------------------------------------------------------------+
; Analysis & Synthesis Resource Utilization by Entity                                                                                                                                    ;
+----------------------------+---------------------+---------------------------+-------------------+------------+------+--------------+---------------------+-------------+--------------+
; Compilation Hierarchy Node ; Combinational ALUTs ; Dedicated Logic Registers ; Block Memory Bits ; DSP Blocks ; Pins ; Virtual Pins ; Full Hierarchy Name ; Entity Name ; Library Name ;
+----------------------------+---------------------+---------------------------+-------------------+------------+------+--------------+---------------------+-------------+--------------+
; |rfid                      ; 0 (0)               ; 0 (0)                     ; 0                 ; 0          ; 8    ; 0            ; |rfid               ; rfid        ; work         ;
+----------------------------+---------------------+---------------------------+-------------------+------------+------+--------------+---------------------+-------------+--------------+
Note: For table entries with two numbers listed, the numbers in parentheses indicate the number of resources of the given type used by the specific entity alone. The numbers listed outside of parentheses indicate the total resources of the given type used by the specific entity and all of its sub-entities in the hierarchy.


+------------------------------------------------------+
; General Register Statistics                          ;
+----------------------------------------------+-------+
; Statistic                                    ; Value ;
+----------------------------------------------+-------+
; Total registers                              ; 0     ;
; Number of registers using Synchronous Clear  ; 0     ;
; Number of registers using Synchronous Load   ; 0     ;
; Number of registers using Asynchronous Clear ; 0     ;
; Number of registers using Asynchronous Load  ; 0     ;
; Number of registers using Clock Enable       ; 0     ;
; Number of registers using Preset             ; 0     ;
+----------------------------------------------+-------+


+----------------------------------------------------------------------+
; Parameter Settings for User Entity Instance: Top-level Entity: |rfid ;
+----------------+-------+---------------------------------------------+
; Parameter Name ; Value ; Type                                        ;
+----------------+-------+---------------------------------------------+
; bits           ; 32    ; Signed Integer                              ;
; counter_width  ; 5     ; Signed Integer                              ;
+----------------+-------+---------------------------------------------+
Note: In order to hide this table in the UI and the text report file, please set the "Show Parameter Settings in Synthesis Report" option in "Analysis and Synthesis Settings -> More Settings" to "Off".


+-----------------------------------------------------+
; Post-Synthesis Netlist Statistics for Top Partition ;
+-----------------------+-----------------------------+
; Type                  ; Count                       ;
+-----------------------+-----------------------------+
; arriav_lcell_comb     ; 1                           ;
;     normal            ; 1                           ;
;         0 data inputs ; 1                           ;
; boundary_port         ; 8                           ;
;                       ;                             ;
; Max LUT depth         ; 0.00                        ;
; Average LUT depth     ; 0.00                        ;
+-----------------------+-----------------------------+


+-------------------------------+
; Elapsed Time Per Partition    ;
+----------------+--------------+
; Partition Name ; Elapsed Time ;
+----------------+--------------+
; Top            ; 00:00:00     ;
+----------------+--------------+


+-------------------------------+
; Analysis & Synthesis Messages ;
+-------------------------------+
Info: *******************************************************************
Info: Running Quartus Prime Analysis & Synthesis
    Info: Version 18.1.0 Build 625 09/12/2018 SJ Lite Edition
    Info: Processing started: Thu Nov 14 06:35:39 2024
Info: Command: quartus_map --read_settings_files=on --write_settings_files=off rfid -c rfid
Warning (18236): Number of processors has not been specified which may cause overloading on shared machines.  Set the global assignment NUM_PARALLEL_PROCESSORS in your QSF to an appropriate value for best performance.
Info (20030): Parallel compilation is enabled and will use 4 of the 4 processors detected
Info (12021): Found 1 design units, including 1 entities, in source file spi.v
    Info (12023): Found entity 1: spi File: C:/Github/FPGAEntryBurglarAlarmSystem/RFID/spi.v Line: 2
Info (12021): Found 4 design units, including 4 entities, in source file rfid.v
    Info (12023): Found entity 1: rfid File: C:/Github/FPGAEntryBurglarAlarmSystem/RFID/rfid.v Line: 1
    Info (12023): Found entity 2: rfid_formatRegAddr File: C:/Github/FPGAEntryBurglarAlarmSystem/RFID/rfid.v Line: 44
    Info (12023): Found entity 3: rfid_writeReg File: C:/Github/FPGAEntryBurglarAlarmSystem/RFID/rfid.v Line: 61
    Info (12023): Found entity 4: rfid_obtainUID File: C:/Github/FPGAEntryBurglarAlarmSystem/RFID/rfid.v Line: 134
Info (12021): Found 1 design units, including 1 entities, in source file rfid_formatregaddr_tb.v
    Info (12023): Found entity 1: rfid_formatRegAddr_tb File: C:/Github/FPGAEntryBurglarAlarmSystem/RFID/rfid_formatRegAddr_tb.v Line: 1
Info (12021): Found 1 design units, including 1 entities, in source file rfid_writereg_tb.v
    Info (12023): Found entity 1: rfid_writeReg_tb File: C:/Github/FPGAEntryBurglarAlarmSystem/RFID/rfid_writeReg_tb.v Line: 3
Warning (10222): Verilog HDL Parameter Declaration warning at rfid.v(22): Parameter Declaration in module "rfid" behaves as a Local Parameter Declaration because the module has a Module Parameter Port List File: C:/Github/FPGAEntryBurglarAlarmSystem/RFID/rfid.v Line: 22
Warning (10222): Verilog HDL Parameter Declaration warning at rfid.v(23): Parameter Declaration in module "rfid" behaves as a Local Parameter Declaration because the module has a Module Parameter Port List File: C:/Github/FPGAEntryBurglarAlarmSystem/RFID/rfid.v Line: 23
Warning (10222): Verilog HDL Parameter Declaration warning at rfid.v(24): Parameter Declaration in module "rfid" behaves as a Local Parameter Declaration because the module has a Module Parameter Port List File: C:/Github/FPGAEntryBurglarAlarmSystem/RFID/rfid.v Line: 24
Warning (10222): Verilog HDL Parameter Declaration warning at rfid.v(27): Parameter Declaration in module "rfid" behaves as a Local Parameter Declaration because the module has a Module Parameter Port List File: C:/Github/FPGAEntryBurglarAlarmSystem/RFID/rfid.v Line: 27
Warning (10222): Verilog HDL Parameter Declaration warning at rfid.v(28): Parameter Declaration in module "rfid" behaves as a Local Parameter Declaration because the module has a Module Parameter Port List File: C:/Github/FPGAEntryBurglarAlarmSystem/RFID/rfid.v Line: 28
Warning (10222): Verilog HDL Parameter Declaration warning at rfid.v(29): Parameter Declaration in module "rfid" behaves as a Local Parameter Declaration because the module has a Module Parameter Port List File: C:/Github/FPGAEntryBurglarAlarmSystem/RFID/rfid.v Line: 29
Warning (10222): Verilog HDL Parameter Declaration warning at rfid.v(30): Parameter Declaration in module "rfid" behaves as a Local Parameter Declaration because the module has a Module Parameter Port List File: C:/Github/FPGAEntryBurglarAlarmSystem/RFID/rfid.v Line: 30
Warning (10222): Verilog HDL Parameter Declaration warning at rfid.v(31): Parameter Declaration in module "rfid" behaves as a Local Parameter Declaration because the module has a Module Parameter Port List File: C:/Github/FPGAEntryBurglarAlarmSystem/RFID/rfid.v Line: 31
Info (12127): Elaborating entity "rfid" for the top level hierarchy
Warning (10034): Output port "mosi" at rfid.v(12) has no driver File: C:/Github/FPGAEntryBurglarAlarmSystem/RFID/rfid.v Line: 12
Warning (10034): Output port "clk_spi" at rfid.v(13) has no driver File: C:/Github/FPGAEntryBurglarAlarmSystem/RFID/rfid.v Line: 13
Warning (10034): Output port "cs" at rfid.v(19) has no driver File: C:/Github/FPGAEntryBurglarAlarmSystem/RFID/rfid.v Line: 19
Warning (12158): Entity "rfid" contains only dangling pins
Warning (13024): Output pins are stuck at VCC or GND
    Warning (13410): Pin "mosi" is stuck at GND File: C:/Github/FPGAEntryBurglarAlarmSystem/RFID/rfid.v Line: 12
    Warning (13410): Pin "clk_spi" is stuck at GND File: C:/Github/FPGAEntryBurglarAlarmSystem/RFID/rfid.v Line: 13
    Warning (13410): Pin "cs" is stuck at GND File: C:/Github/FPGAEntryBurglarAlarmSystem/RFID/rfid.v Line: 19
Info (144001): Generated suppressed messages file C:/Github/FPGAEntryBurglarAlarmSystem/RFID/output_files/rfid.map.smsg
Info (16010): Generating hard_block partition "hard_block:auto_generated_inst"
    Info (16011): Adding 0 node(s), including 0 DDIO, 0 PLL, 0 transceiver and 0 LCELL
Warning (21074): Design contains 5 input pin(s) that do not drive logic
    Warning (15610): No output dependent on input pin "reset_system" File: C:/Github/FPGAEntryBurglarAlarmSystem/RFID/rfid.v Line: 5
    Warning (15610): No output dependent on input pin "clk_system" File: C:/Github/FPGAEntryBurglarAlarmSystem/RFID/rfid.v Line: 6
    Warning (15610): No output dependent on input pin "start_transfer" File: C:/Github/FPGAEntryBurglarAlarmSystem/RFID/rfid.v Line: 7
    Warning (15610): No output dependent on input pin "get_uid" File: C:/Github/FPGAEntryBurglarAlarmSystem/RFID/rfid.v Line: 8
    Warning (15610): No output dependent on input pin "miso" File: C:/Github/FPGAEntryBurglarAlarmSystem/RFID/rfid.v Line: 11
Info (21057): Implemented 8 device resources after synthesis - the final resource count might be different
    Info (21058): Implemented 5 input pins
    Info (21059): Implemented 3 output pins
Info: Quartus Prime Analysis & Synthesis was successful. 0 errors, 23 warnings
    Info: Peak virtual memory: 4801 megabytes
    Info: Processing ended: Thu Nov 14 06:35:51 2024
    Info: Elapsed time: 00:00:12
    Info: Total CPU time (on all processors): 00:00:11


+------------------------------------------+
; Analysis & Synthesis Suppressed Messages ;
+------------------------------------------+
The suppressed messages can be found in C:/Github/FPGAEntryBurglarAlarmSystem/RFID/output_files/rfid.map.smsg.


