Analysis & Synthesis report for spi
Wed Nov 13 03:28:42 2024
Quartus Prime Version 18.1.0 Build 625 09/12/2018 SJ Lite Edition


---------------------
; Table of Contents ;
---------------------
  1. Legal Notice
  2. Analysis & Synthesis Summary
  3. Analysis & Synthesis Settings
  4. Parallel Compilation
  5. Analysis & Synthesis Source Files Read
  6. Analysis & Synthesis Resource Usage Summary
  7. Analysis & Synthesis Resource Utilization by Entity
  8. State Machine - |spi|state
  9. User-Specified and Inferred Latches
 10. Registers Removed During Synthesis
 11. General Register Statistics
 12. Multiplexer Restructuring Statistics (Restructuring Performed)
 13. Parameter Settings for User Entity Instance: Top-level Entity: |spi
 14. Post-Synthesis Netlist Statistics for Top Partition
 15. Elapsed Time Per Partition
 16. Analysis & Synthesis Messages
 17. Analysis & Synthesis Suppressed Messages



----------------
; Legal Notice ;
----------------
Copyright (C) 2018  Intel Corporation. All rights reserved.
Your use of Intel Corporation's design tools, logic functions 
and other software and tools, and its AMPP partner logic 
functions, and any output files from any of the foregoing 
(including device programming or simulation files), and any 
associated documentation or information are expressly subject 
to the terms and conditions of the Intel Program License 
Subscription Agreement, the Intel Quartus Prime License Agreement,
the Intel FPGA IP License Agreement, or other applicable license
agreement, including, without limitation, that your use is for
the sole purpose of programming logic devices manufactured by
Intel and sold by Intel or its authorized distributors.  Please
refer to the applicable agreement for further details.



+-------------------------------------------------------------------------------+
; Analysis & Synthesis Summary                                                  ;
+---------------------------------+---------------------------------------------+
; Analysis & Synthesis Status     ; Successful - Wed Nov 13 03:28:42 2024       ;
; Quartus Prime Version           ; 18.1.0 Build 625 09/12/2018 SJ Lite Edition ;
; Revision Name                   ; spi                                         ;
; Top-level Entity Name           ; spi                                         ;
; Family                          ; Cyclone V                                   ;
; Logic utilization (in ALMs)     ; N/A                                         ;
; Total registers                 ; 5                                           ;
; Total pins                      ; 27                                          ;
; Total virtual pins              ; 0                                           ;
; Total block memory bits         ; 0                                           ;
; Total DSP Blocks                ; 0                                           ;
; Total HSSI RX PCSs              ; 0                                           ;
; Total HSSI PMA RX Deserializers ; 0                                           ;
; Total HSSI TX PCSs              ; 0                                           ;
; Total HSSI PMA TX Serializers   ; 0                                           ;
; Total PLLs                      ; 0                                           ;
; Total DLLs                      ; 0                                           ;
+---------------------------------+---------------------------------------------+


+---------------------------------------------------------------------------------------------------------------------------+
; Analysis & Synthesis Settings                                                                                             ;
+---------------------------------------------------------------------------------+--------------------+--------------------+
; Option                                                                          ; Setting            ; Default Value      ;
+---------------------------------------------------------------------------------+--------------------+--------------------+
; Device                                                                          ; 5CSEMA5F31C6       ;                    ;
; Top-level entity name                                                           ; spi                ; spi                ;
; Family name                                                                     ; Cyclone V          ; Cyclone V          ;
; State Machine Processing                                                        ; One-Hot            ; Auto               ;
; Use smart compilation                                                           ; Off                ; Off                ;
; Enable parallel Assembler and Timing Analyzer during compilation                ; On                 ; On                 ;
; Enable compact report table                                                     ; Off                ; Off                ;
; Restructure Multiplexers                                                        ; Auto               ; Auto               ;
; MLAB Add Timing Constraints For Mixed-Port Feed-Through Mode Setting Don't Care ; Off                ; Off                ;
; Create Debugging Nodes for IP Cores                                             ; Off                ; Off                ;
; Preserve fewer node names                                                       ; On                 ; On                 ;
; Intel FPGA IP Evaluation Mode                                                   ; Enable             ; Enable             ;
; Verilog Version                                                                 ; Verilog_2001       ; Verilog_2001       ;
; VHDL Version                                                                    ; VHDL_1993          ; VHDL_1993          ;
; Safe State Machine                                                              ; Off                ; Off                ;
; Extract Verilog State Machines                                                  ; On                 ; On                 ;
; Extract VHDL State Machines                                                     ; On                 ; On                 ;
; Ignore Verilog initial constructs                                               ; Off                ; Off                ;
; Iteration limit for constant Verilog loops                                      ; 5000               ; 5000               ;
; Iteration limit for non-constant Verilog loops                                  ; 250                ; 250                ;
; Add Pass-Through Logic to Inferred RAMs                                         ; On                 ; On                 ;
; Infer RAMs from Raw Logic                                                       ; On                 ; On                 ;
; Parallel Synthesis                                                              ; On                 ; On                 ;
; DSP Block Balancing                                                             ; Auto               ; Auto               ;
; NOT Gate Push-Back                                                              ; On                 ; On                 ;
; Power-Up Don't Care                                                             ; On                 ; On                 ;
; Remove Redundant Logic Cells                                                    ; Off                ; Off                ;
; Remove Duplicate Registers                                                      ; On                 ; On                 ;
; Ignore CARRY Buffers                                                            ; Off                ; Off                ;
; Ignore CASCADE Buffers                                                          ; Off                ; Off                ;
; Ignore GLOBAL Buffers                                                           ; Off                ; Off                ;
; Ignore ROW GLOBAL Buffers                                                       ; Off                ; Off                ;
; Ignore LCELL Buffers                                                            ; Off                ; Off                ;
; Ignore SOFT Buffers                                                             ; On                 ; On                 ;
; Limit AHDL Integers to 32 Bits                                                  ; Off                ; Off                ;
; Optimization Technique                                                          ; Balanced           ; Balanced           ;
; Carry Chain Length                                                              ; 70                 ; 70                 ;
; Auto Carry Chains                                                               ; On                 ; On                 ;
; Auto Open-Drain Pins                                                            ; On                 ; On                 ;
; Perform WYSIWYG Primitive Resynthesis                                           ; Off                ; Off                ;
; Auto ROM Replacement                                                            ; On                 ; On                 ;
; Auto RAM Replacement                                                            ; On                 ; On                 ;
; Auto DSP Block Replacement                                                      ; On                 ; On                 ;
; Auto Shift Register Replacement                                                 ; Auto               ; Auto               ;
; Allow Shift Register Merging across Hierarchies                                 ; Auto               ; Auto               ;
; Auto Clock Enable Replacement                                                   ; On                 ; On                 ;
; Strict RAM Replacement                                                          ; Off                ; Off                ;
; Allow Synchronous Control Signals                                               ; On                 ; On                 ;
; Force Use of Synchronous Clear Signals                                          ; Off                ; Off                ;
; Auto Resource Sharing                                                           ; Off                ; Off                ;
; Allow Any RAM Size For Recognition                                              ; Off                ; Off                ;
; Allow Any ROM Size For Recognition                                              ; Off                ; Off                ;
; Allow Any Shift Register Size For Recognition                                   ; Off                ; Off                ;
; Use LogicLock Constraints during Resource Balancing                             ; On                 ; On                 ;
; Ignore translate_off and synthesis_off directives                               ; Off                ; Off                ;
; Timing-Driven Synthesis                                                         ; On                 ; On                 ;
; Report Parameter Settings                                                       ; On                 ; On                 ;
; Report Source Assignments                                                       ; On                 ; On                 ;
; Report Connectivity Checks                                                      ; On                 ; On                 ;
; Ignore Maximum Fan-Out Assignments                                              ; Off                ; Off                ;
; Synchronization Register Chain Length                                           ; 3                  ; 3                  ;
; Power Optimization During Synthesis                                             ; Normal compilation ; Normal compilation ;
; HDL message level                                                               ; Level2             ; Level2             ;
; Suppress Register Optimization Related Messages                                 ; Off                ; Off                ;
; Number of Removed Registers Reported in Synthesis Report                        ; 5000               ; 5000               ;
; Number of Swept Nodes Reported in Synthesis Report                              ; 5000               ; 5000               ;
; Number of Inverted Registers Reported in Synthesis Report                       ; 100                ; 100                ;
; Clock MUX Protection                                                            ; On                 ; On                 ;
; Auto Gated Clock Conversion                                                     ; Off                ; Off                ;
; Block Design Naming                                                             ; Auto               ; Auto               ;
; SDC constraint protection                                                       ; Off                ; Off                ;
; Synthesis Effort                                                                ; Auto               ; Auto               ;
; Shift Register Replacement - Allow Asynchronous Clear Signal                    ; On                 ; On                 ;
; Pre-Mapping Resynthesis Optimization                                            ; Off                ; Off                ;
; Analysis & Synthesis Message Level                                              ; Medium             ; Medium             ;
; Disable Register Merging Across Hierarchies                                     ; Auto               ; Auto               ;
; Resource Aware Inference For Block RAM                                          ; On                 ; On                 ;
; Automatic Parallel Synthesis                                                    ; On                 ; On                 ;
; Partial Reconfiguration Bitstream ID                                            ; Off                ; Off                ;
+---------------------------------------------------------------------------------+--------------------+--------------------+


+------------------------------------------+
; Parallel Compilation                     ;
+----------------------------+-------------+
; Processors                 ; Number      ;
+----------------------------+-------------+
; Number detected on machine ; 8           ;
; Maximum allowed            ; 4           ;
;                            ;             ;
; Average used               ; 1.00        ;
; Maximum used               ; 4           ;
;                            ;             ;
; Usage by Processor         ; % Time Used ;
;     Processor 1            ; 100.0%      ;
;     Processors 2-4         ;   0.0%      ;
+----------------------------+-------------+


+-----------------------------------------------------------------------------------------------------------------------------------------+
; Analysis & Synthesis Source Files Read                                                                                                  ;
+----------------------------------+-----------------+------------------------+-------------------------------------------------+---------+
; File Name with User-Entered Path ; Used in Netlist ; File Type              ; File Name with Absolute Path                    ; Library ;
+----------------------------------+-----------------+------------------------+-------------------------------------------------+---------+
; spi.v                            ; yes             ; User Verilog HDL File  ; C:/Github/FPGAEntryBurglarAlarmSystem/spi/spi.v ;         ;
+----------------------------------+-----------------+------------------------+-------------------------------------------------+---------+


+----------------------------------------------------------------+
; Analysis & Synthesis Resource Usage Summary                    ;
+---------------------------------------------+------------------+
; Resource                                    ; Usage            ;
+---------------------------------------------+------------------+
; Estimate of Logic utilization (ALMs needed) ; 36               ;
;                                             ;                  ;
; Combinational ALUT usage for logic          ; 68               ;
;     -- 7 input functions                    ; 0                ;
;     -- 6 input functions                    ; 3                ;
;     -- 5 input functions                    ; 4                ;
;     -- 4 input functions                    ; 11               ;
;     -- <=3 input functions                  ; 50               ;
;                                             ;                  ;
; Dedicated logic registers                   ; 5                ;
;                                             ;                  ;
; I/O pins                                    ; 27               ;
;                                             ;                  ;
; Total DSP Blocks                            ; 0                ;
;                                             ;                  ;
; Maximum fan-out node                        ; clk_system~input ;
; Maximum fan-out                             ; 27               ;
; Total fan-out                               ; 260              ;
; Average fan-out                             ; 2.05             ;
+---------------------------------------------+------------------+


+----------------------------------------------------------------------------------------------------------------------------------------------------------------------------------------+
; Analysis & Synthesis Resource Utilization by Entity                                                                                                                                    ;
+----------------------------+---------------------+---------------------------+-------------------+------------+------+--------------+---------------------+-------------+--------------+
; Compilation Hierarchy Node ; Combinational ALUTs ; Dedicated Logic Registers ; Block Memory Bits ; DSP Blocks ; Pins ; Virtual Pins ; Full Hierarchy Name ; Entity Name ; Library Name ;
+----------------------------+---------------------+---------------------------+-------------------+------------+------+--------------+---------------------+-------------+--------------+
; |spi                       ; 68 (68)             ; 5 (5)                     ; 0                 ; 0          ; 27   ; 0            ; |spi                ; spi         ; work         ;
+----------------------------+---------------------+---------------------------+-------------------+------------+------+--------------+---------------------+-------------+--------------+
Note: For table entries with two numbers listed, the numbers in parentheses indicate the number of resources of the given type used by the specific entity alone. The numbers listed outside of parentheses indicate the total resources of the given type used by the specific entity and all of its sub-entities in the hierarchy.


Encoding Type:  One-Hot
+----------------------------------------------------------------------------------------+
; State Machine - |spi|state                                                             ;
+----------------+----------------+------------+------------+-------------+--------------+
; Name           ; state.transact ; state.load ; state.idle ; state.reset ; state.unload ;
+----------------+----------------+------------+------------+-------------+--------------+
; state.reset    ; 0              ; 0          ; 0          ; 0           ; 0            ;
; state.idle     ; 0              ; 0          ; 1          ; 1           ; 0            ;
; state.load     ; 0              ; 1          ; 0          ; 1           ; 0            ;
; state.transact ; 1              ; 0          ; 0          ; 1           ; 0            ;
; state.unload   ; 0              ; 0          ; 0          ; 1           ; 1            ;
+----------------+----------------+------------+------------+-------------+--------------+


+----------------------------------------------------------------------------------------------------+
; User-Specified and Inferred Latches                                                                ;
+-----------------------------------------------------+---------------------+------------------------+
; Latch Name                                          ; Latch Enable Signal ; Free of Timing Hazards ;
+-----------------------------------------------------+---------------------+------------------------+
; data_outR[0]$latch                                  ; state               ; yes                    ;
; data_outR[1]$latch                                  ; state               ; yes                    ;
; data_outR[2]$latch                                  ; state               ; yes                    ;
; data_outR[3]$latch                                  ; state               ; yes                    ;
; data_outR[4]$latch                                  ; state               ; yes                    ;
; data_outR[5]$latch                                  ; state               ; yes                    ;
; data_outR[6]$latch                                  ; state               ; yes                    ;
; data_outR[7]$latch                                  ; state               ; yes                    ;
; misoR[0]                                            ; clk_system          ; yes                    ;
; misoR[1]                                            ; clk_system          ; yes                    ;
; misoR[2]                                            ; clk_system          ; yes                    ;
; misoR[3]                                            ; clk_system          ; yes                    ;
; misoR[4]                                            ; clk_system          ; yes                    ;
; misoR[5]                                            ; clk_system          ; yes                    ;
; misoR[6]                                            ; clk_system          ; yes                    ;
; misoR[7]                                            ; clk_system          ; yes                    ;
; mosiR[7]                                            ; clk_system          ; yes                    ;
; count[2]                                            ; count[2]            ; yes                    ;
; count[1]                                            ; count[2]            ; yes                    ;
; count[0]                                            ; count[2]            ; yes                    ;
; count[3]                                            ; count[2]            ; yes                    ;
; mosiR[6]                                            ; clk_system          ; yes                    ;
; mosiR[5]                                            ; clk_system          ; yes                    ;
; mosiR[4]                                            ; clk_system          ; yes                    ;
; mosiR[3]                                            ; clk_system          ; yes                    ;
; mosiR[2]                                            ; clk_system          ; yes                    ;
; mosiR[1]                                            ; clk_system          ; yes                    ;
; mosiR[0]                                            ; clk_system          ; yes                    ;
; Number of user-specified and inferred latches = 28  ;                     ;                        ;
+-----------------------------------------------------+---------------------+------------------------+
Note: All latches listed above may not be present at the end of synthesis due to various synthesis optimizations.


+------------------------------------------------------------+
; Registers Removed During Synthesis                         ;
+---------------------------------------+--------------------+
; Register name                         ; Reason for Removal ;
+---------------------------------------+--------------------+
; state~3                               ; Lost fanout        ;
; state~4                               ; Lost fanout        ;
; Total Number of Removed Registers = 2 ;                    ;
+---------------------------------------+--------------------+


+------------------------------------------------------+
; General Register Statistics                          ;
+----------------------------------------------+-------+
; Statistic                                    ; Value ;
+----------------------------------------------+-------+
; Total registers                              ; 5     ;
; Number of registers using Synchronous Clear  ; 0     ;
; Number of registers using Synchronous Load   ; 0     ;
; Number of registers using Asynchronous Clear ; 0     ;
; Number of registers using Asynchronous Load  ; 0     ;
; Number of registers using Clock Enable       ; 0     ;
; Number of registers using Preset             ; 0     ;
+----------------------------------------------+-------+


+------------------------------------------------------------------------------------------------------------------------------------------+
; Multiplexer Restructuring Statistics (Restructuring Performed)                                                                           ;
+--------------------+-----------+---------------+----------------------+------------------------+------------+----------------------------+
; Multiplexer Inputs ; Bus Width ; Baseline Area ; Area if Restructured ; Saving if Restructured ; Registered ; Example Multiplexer Output ;
+--------------------+-----------+---------------+----------------------+------------------------+------------+----------------------------+
; 3:1                ; 8 bits    ; 16 LEs        ; 16 LEs               ; 0 LEs                  ; No         ; |spi|misoR[0]              ;
+--------------------+-----------+---------------+----------------------+------------------------+------------+----------------------------+


+---------------------------------------------------------------------+
; Parameter Settings for User Entity Instance: Top-level Entity: |spi ;
+----------------+-------+--------------------------------------------+
; Parameter Name ; Value ; Type                                       ;
+----------------+-------+--------------------------------------------+
; reg_width      ; 8     ; Signed Integer                             ;
; counter_width  ; 3     ; Signed Integer                             ;
; reset          ; 0     ; Signed Integer                             ;
; idle           ; 1     ; Signed Integer                             ;
; load           ; 2     ; Signed Integer                             ;
; transact       ; 3     ; Signed Integer                             ;
; unload         ; 4     ; Signed Integer                             ;
+----------------+-------+--------------------------------------------+
Note: In order to hide this table in the UI and the text report file, please set the "Show Parameter Settings in Synthesis Report" option in "Analysis and Synthesis Settings -> More Settings" to "Off".


+-----------------------------------------------------+
; Post-Synthesis Netlist Statistics for Top Partition ;
+-----------------------+-----------------------------+
; Type                  ; Count                       ;
+-----------------------+-----------------------------+
; arriav_ff             ; 5                           ;
;     plain             ; 5                           ;
; arriav_io_obuf        ; 1                           ;
; arriav_lcell_comb     ; 68                          ;
;     normal            ; 68                          ;
;         2 data inputs ; 21                          ;
;         3 data inputs ; 29                          ;
;         4 data inputs ; 11                          ;
;         5 data inputs ; 4                           ;
;         6 data inputs ; 3                           ;
; boundary_port         ; 27                          ;
;                       ;                             ;
; Max LUT depth         ; 3.00                        ;
; Average LUT depth     ; 1.92                        ;
+-----------------------+-----------------------------+


+-------------------------------+
; Elapsed Time Per Partition    ;
+----------------+--------------+
; Partition Name ; Elapsed Time ;
+----------------+--------------+
; Top            ; 00:00:00     ;
+----------------+--------------+


+-------------------------------+
; Analysis & Synthesis Messages ;
+-------------------------------+
Info: *******************************************************************
Info: Running Quartus Prime Analysis & Synthesis
    Info: Version 18.1.0 Build 625 09/12/2018 SJ Lite Edition
    Info: Processing started: Wed Nov 13 03:28:29 2024
Info: Command: quartus_map --read_settings_files=on --write_settings_files=off spi -c spi
Warning (18236): Number of processors has not been specified which may cause overloading on shared machines.  Set the global assignment NUM_PARALLEL_PROCESSORS in your QSF to an appropriate value for best performance.
Info (20030): Parallel compilation is enabled and will use 4 of the 4 processors detected
Info (12021): Found 1 design units, including 1 entities, in source file spi.v
    Info (12023): Found entity 1: spi File: C:/Github/FPGAEntryBurglarAlarmSystem/spi/spi.v Line: 2
Info (12021): Found 1 design units, including 1 entities, in source file spi_master_tb.v
    Info (12023): Found entity 1: spi_master_tb File: C:/Github/FPGAEntryBurglarAlarmSystem/spi/spi_master_tb.v Line: 3
Info (12127): Elaborating entity "spi" for the top level hierarchy
Warning (10235): Verilog HDL Always Construct warning at spi.v(36): variable "data_outR" is read inside the Always Construct but isn't in the Always Construct's Event Control File: C:/Github/FPGAEntryBurglarAlarmSystem/spi/spi.v Line: 36
Warning (10235): Verilog HDL Always Construct warning at spi.v(41): variable "data_outR" is read inside the Always Construct but isn't in the Always Construct's Event Control File: C:/Github/FPGAEntryBurglarAlarmSystem/spi/spi.v Line: 41
Warning (10235): Verilog HDL Always Construct warning at spi.v(50): variable "misoR" is read inside the Always Construct but isn't in the Always Construct's Event Control File: C:/Github/FPGAEntryBurglarAlarmSystem/spi/spi.v Line: 50
Warning (10240): Verilog HDL Always Construct warning at spi.v(26): inferring latch(es) for variable "data_outR", which holds its previous value in one or more paths through the always construct File: C:/Github/FPGAEntryBurglarAlarmSystem/spi/spi.v Line: 26
Warning (10230): Verilog HDL assignment warning at spi.v(138): truncated value with size 32 to match size of target (4) File: C:/Github/FPGAEntryBurglarAlarmSystem/spi/spi.v Line: 138
Warning (10240): Verilog HDL Always Construct warning at spi.v(91): inferring latch(es) for variable "misoR", which holds its previous value in one or more paths through the always construct File: C:/Github/FPGAEntryBurglarAlarmSystem/spi/spi.v Line: 91
Warning (10240): Verilog HDL Always Construct warning at spi.v(91): inferring latch(es) for variable "mosiR", which holds its previous value in one or more paths through the always construct File: C:/Github/FPGAEntryBurglarAlarmSystem/spi/spi.v Line: 91
Warning (10240): Verilog HDL Always Construct warning at spi.v(91): inferring latch(es) for variable "count", which holds its previous value in one or more paths through the always construct File: C:/Github/FPGAEntryBurglarAlarmSystem/spi/spi.v Line: 91
Info (10041): Inferred latch for "count[0]" at spi.v(91) File: C:/Github/FPGAEntryBurglarAlarmSystem/spi/spi.v Line: 91
Info (10041): Inferred latch for "count[1]" at spi.v(91) File: C:/Github/FPGAEntryBurglarAlarmSystem/spi/spi.v Line: 91
Info (10041): Inferred latch for "count[2]" at spi.v(91) File: C:/Github/FPGAEntryBurglarAlarmSystem/spi/spi.v Line: 91
Info (10041): Inferred latch for "count[3]" at spi.v(91) File: C:/Github/FPGAEntryBurglarAlarmSystem/spi/spi.v Line: 91
Info (10041): Inferred latch for "mosiR[0]" at spi.v(91) File: C:/Github/FPGAEntryBurglarAlarmSystem/spi/spi.v Line: 91
Info (10041): Inferred latch for "mosiR[1]" at spi.v(91) File: C:/Github/FPGAEntryBurglarAlarmSystem/spi/spi.v Line: 91
Info (10041): Inferred latch for "mosiR[2]" at spi.v(91) File: C:/Github/FPGAEntryBurglarAlarmSystem/spi/spi.v Line: 91
Info (10041): Inferred latch for "mosiR[3]" at spi.v(91) File: C:/Github/FPGAEntryBurglarAlarmSystem/spi/spi.v Line: 91
Info (10041): Inferred latch for "mosiR[4]" at spi.v(91) File: C:/Github/FPGAEntryBurglarAlarmSystem/spi/spi.v Line: 91
Info (10041): Inferred latch for "mosiR[5]" at spi.v(91) File: C:/Github/FPGAEntryBurglarAlarmSystem/spi/spi.v Line: 91
Info (10041): Inferred latch for "mosiR[6]" at spi.v(91) File: C:/Github/FPGAEntryBurglarAlarmSystem/spi/spi.v Line: 91
Info (10041): Inferred latch for "mosiR[7]" at spi.v(91) File: C:/Github/FPGAEntryBurglarAlarmSystem/spi/spi.v Line: 91
Info (10041): Inferred latch for "misoR[0]" at spi.v(91) File: C:/Github/FPGAEntryBurglarAlarmSystem/spi/spi.v Line: 91
Info (10041): Inferred latch for "misoR[1]" at spi.v(91) File: C:/Github/FPGAEntryBurglarAlarmSystem/spi/spi.v Line: 91
Info (10041): Inferred latch for "misoR[2]" at spi.v(91) File: C:/Github/FPGAEntryBurglarAlarmSystem/spi/spi.v Line: 91
Info (10041): Inferred latch for "misoR[3]" at spi.v(91) File: C:/Github/FPGAEntryBurglarAlarmSystem/spi/spi.v Line: 91
Info (10041): Inferred latch for "misoR[4]" at spi.v(91) File: C:/Github/FPGAEntryBurglarAlarmSystem/spi/spi.v Line: 91
Info (10041): Inferred latch for "misoR[5]" at spi.v(91) File: C:/Github/FPGAEntryBurglarAlarmSystem/spi/spi.v Line: 91
Info (10041): Inferred latch for "misoR[6]" at spi.v(91) File: C:/Github/FPGAEntryBurglarAlarmSystem/spi/spi.v Line: 91
Info (10041): Inferred latch for "misoR[7]" at spi.v(91) File: C:/Github/FPGAEntryBurglarAlarmSystem/spi/spi.v Line: 91
Info (10041): Inferred latch for "data_outR[0]" at spi.v(26) File: C:/Github/FPGAEntryBurglarAlarmSystem/spi/spi.v Line: 26
Info (10041): Inferred latch for "data_outR[1]" at spi.v(26) File: C:/Github/FPGAEntryBurglarAlarmSystem/spi/spi.v Line: 26
Info (10041): Inferred latch for "data_outR[2]" at spi.v(26) File: C:/Github/FPGAEntryBurglarAlarmSystem/spi/spi.v Line: 26
Info (10041): Inferred latch for "data_outR[3]" at spi.v(26) File: C:/Github/FPGAEntryBurglarAlarmSystem/spi/spi.v Line: 26
Info (10041): Inferred latch for "data_outR[4]" at spi.v(26) File: C:/Github/FPGAEntryBurglarAlarmSystem/spi/spi.v Line: 26
Info (10041): Inferred latch for "data_outR[5]" at spi.v(26) File: C:/Github/FPGAEntryBurglarAlarmSystem/spi/spi.v Line: 26
Info (10041): Inferred latch for "data_outR[6]" at spi.v(26) File: C:/Github/FPGAEntryBurglarAlarmSystem/spi/spi.v Line: 26
Info (10041): Inferred latch for "data_outR[7]" at spi.v(26) File: C:/Github/FPGAEntryBurglarAlarmSystem/spi/spi.v Line: 26
Warning (13012): Latch data_outR[0]$latch has unsafe behavior File: C:/Github/FPGAEntryBurglarAlarmSystem/spi/spi.v Line: 26
    Warning (13013): Ports D and ENA on the latch are fed by the same signal state.unload File: C:/Github/FPGAEntryBurglarAlarmSystem/spi/spi.v Line: 23
Warning (13012): Latch data_outR[1]$latch has unsafe behavior File: C:/Github/FPGAEntryBurglarAlarmSystem/spi/spi.v Line: 26
    Warning (13013): Ports D and ENA on the latch are fed by the same signal state.unload File: C:/Github/FPGAEntryBurglarAlarmSystem/spi/spi.v Line: 23
Warning (13012): Latch data_outR[2]$latch has unsafe behavior File: C:/Github/FPGAEntryBurglarAlarmSystem/spi/spi.v Line: 26
    Warning (13013): Ports D and ENA on the latch are fed by the same signal state.unload File: C:/Github/FPGAEntryBurglarAlarmSystem/spi/spi.v Line: 23
Warning (13012): Latch data_outR[3]$latch has unsafe behavior File: C:/Github/FPGAEntryBurglarAlarmSystem/spi/spi.v Line: 26
    Warning (13013): Ports D and ENA on the latch are fed by the same signal state.unload File: C:/Github/FPGAEntryBurglarAlarmSystem/spi/spi.v Line: 23
Warning (13012): Latch data_outR[4]$latch has unsafe behavior File: C:/Github/FPGAEntryBurglarAlarmSystem/spi/spi.v Line: 26
    Warning (13013): Ports D and ENA on the latch are fed by the same signal state.unload File: C:/Github/FPGAEntryBurglarAlarmSystem/spi/spi.v Line: 23
Warning (13012): Latch data_outR[5]$latch has unsafe behavior File: C:/Github/FPGAEntryBurglarAlarmSystem/spi/spi.v Line: 26
    Warning (13013): Ports D and ENA on the latch are fed by the same signal state.unload File: C:/Github/FPGAEntryBurglarAlarmSystem/spi/spi.v Line: 23
Warning (13012): Latch data_outR[6]$latch has unsafe behavior File: C:/Github/FPGAEntryBurglarAlarmSystem/spi/spi.v Line: 26
    Warning (13013): Ports D and ENA on the latch are fed by the same signal state.unload File: C:/Github/FPGAEntryBurglarAlarmSystem/spi/spi.v Line: 23
Warning (13012): Latch data_outR[7]$latch has unsafe behavior File: C:/Github/FPGAEntryBurglarAlarmSystem/spi/spi.v Line: 26
    Warning (13013): Ports D and ENA on the latch are fed by the same signal state.unload File: C:/Github/FPGAEntryBurglarAlarmSystem/spi/spi.v Line: 23
Warning (13012): Latch count[2] has unsafe behavior File: C:/Github/FPGAEntryBurglarAlarmSystem/spi/spi.v Line: 91
    Warning (13013): Ports D and ENA on the latch are fed by the same signal clk_system File: C:/Github/FPGAEntryBurglarAlarmSystem/spi/spi.v Line: 7
Warning (13012): Latch count[1] has unsafe behavior File: C:/Github/FPGAEntryBurglarAlarmSystem/spi/spi.v Line: 91
    Warning (13013): Ports D and ENA on the latch are fed by the same signal clk_system File: C:/Github/FPGAEntryBurglarAlarmSystem/spi/spi.v Line: 7
Warning (13012): Latch count[0] has unsafe behavior File: C:/Github/FPGAEntryBurglarAlarmSystem/spi/spi.v Line: 91
    Warning (13013): Ports D and ENA on the latch are fed by the same signal clk_system File: C:/Github/FPGAEntryBurglarAlarmSystem/spi/spi.v Line: 7
Warning (13012): Latch count[3] has unsafe behavior File: C:/Github/FPGAEntryBurglarAlarmSystem/spi/spi.v Line: 91
    Warning (13013): Ports D and ENA on the latch are fed by the same signal clk_system File: C:/Github/FPGAEntryBurglarAlarmSystem/spi/spi.v Line: 7
Info (286030): Timing-Driven Synthesis is running
Info (17049): 2 registers lost all their fanouts during netlist optimizations.
Info (144001): Generated suppressed messages file C:/Github/FPGAEntryBurglarAlarmSystem/spi/output_files/spi.map.smsg
Info (16010): Generating hard_block partition "hard_block:auto_generated_inst"
    Info (16011): Adding 0 node(s), including 0 DDIO, 0 PLL, 0 transceiver and 0 LCELL
Info (21057): Implemented 95 device resources after synthesis - the final resource count might be different
    Info (21058): Implemented 16 input pins
    Info (21059): Implemented 11 output pins
    Info (21061): Implemented 68 logic cells
Info: Quartus Prime Analysis & Synthesis was successful. 0 errors, 33 warnings
    Info: Peak virtual memory: 4828 megabytes
    Info: Processing ended: Wed Nov 13 03:28:42 2024
    Info: Elapsed time: 00:00:13
    Info: Total CPU time (on all processors): 00:00:08


+------------------------------------------+
; Analysis & Synthesis Suppressed Messages ;
+------------------------------------------+
The suppressed messages can be found in C:/Github/FPGAEntryBurglarAlarmSystem/spi/output_files/spi.map.smsg.


